<?xml version="1.0" encoding="UTF-8"?>
<!-- Generated by org.testng.reporters.JUnitReportReporter -->
<testsuite hostname="DESKTOP-TS7PD6V" name="etsy.TestCases.HomePageTest" tests="1" failures="0" timestamp="17 Jul 2020 17:07:30 GMT" time="40.129" errors="0">
  <testcase name="verifyLinksTest" time="40.129" classname="etsy.TestCases.HomePageTest"/>
</testsuite> <!-- etsy.TestCases.HomePageTest -->
