<?xml version="1.0" encoding="UTF-8"?>
<!-- Generated by org.testng.reporters.JUnitReportReporter -->
<testsuite hostname="DESKTOP-TS7PD6V" name="etsy.TestCases.SignInPageTest" tests="1" failures="0" timestamp="5 Jul 2020 10:52:55 GMT" time="20.862" errors="0">
  <testcase name="signInEtsyTest" time="20.862" classname="etsy.TestCases.SignInPageTest"/>
</testsuite> <!-- etsy.TestCases.SignInPageTest -->
