<?xml version="1.0" encoding="UTF-8"?>
<!-- Generated by org.testng.reporters.JUnitReportReporter -->
<testsuite hostname="DESKTOP-TS7PD6V" name="etsy.TestCases.DemoTest" tests="1" failures="0" timestamp="28 Jun 2020 17:50:12 GMT" time="23.741" errors="0">
  <testcase name="setUp" time="23.741" classname="etsy.TestCases.DemoTest"/>
</testsuite> <!-- etsy.TestCases.DemoTest -->
