<?xml version="1.0" encoding="UTF-8"?>
<!-- Generated by org.testng.reporters.JUnitReportReporter -->
<testsuite hostname="DESKTOP-TS7PD6V" name="etsy.TestCases.RegisterPageTest" tests="1" failures="0" timestamp="5 Jul 2020 10:58:19 GMT" time="18.732" errors="0">
  <testcase name="registerOnEtsyTest" time="18.732" classname="etsy.TestCases.RegisterPageTest"/>
</testsuite> <!-- etsy.TestCases.RegisterPageTest -->
