<?xml version="1.0" encoding="UTF-8"?>
<!-- Generated by org.testng.reporters.JUnitReportReporter -->
<testsuite hostname="DESKTOP-TS7PD6V" name="etsy.TestCases.SignInPageTest" tests="1" failures="0" timestamp="1 Sep 2020 10:44:06 GMT" time="37.619" errors="0">
  <testcase name="displayCheck" time="37.619" classname="etsy.TestCases.SignInPageTest"/>
</testsuite> <!-- etsy.TestCases.SignInPageTest -->
