<?xml version="1.0" encoding="UTF-8"?>
<!-- Generated by org.testng.reporters.JUnitReportReporter -->
<testsuite hostname="DESKTOP-TS7PD6V" name="etsy.TestCases.RegisterPageTest" tests="1" failures="0" timestamp="1 Sep 2020 18:25:31 GMT" time="16.557" errors="0">
  <testcase name="registerOnEtsyTest" time="16.557" classname="etsy.TestCases.RegisterPageTest"/>
</testsuite> <!-- etsy.TestCases.RegisterPageTest -->
