<?xml version="1.0" encoding="UTF-8"?>
<!-- Generated by org.testng.reporters.JUnitReportReporter -->
<testsuite hostname="DESKTOP-TS7PD6V" name="etsy.TestCases.SignInPageTest" tests="3" failures="0" timestamp="1 Sep 2020 18:25:31 GMT" time="50.937" errors="0">
  <testcase name="signInEtsyTest" time="18.216" classname="etsy.TestCases.SignInPageTest"/>
  <testcase name="clickOnRegisterToOpenPage" time="15.138" classname="etsy.TestCases.SignInPageTest"/>
  <testcase name="displayCheck" time="17.583" classname="etsy.TestCases.SignInPageTest"/>
</testsuite> <!-- etsy.TestCases.SignInPageTest -->
