<?xml version="1.0" encoding="UTF-8"?>
<!-- Generated by org.testng.reporters.JUnitReportReporter -->
<testsuite hostname="DESKTOP-TS7PD6V" name="etsy.TestCases.HomePageTest" tests="6" failures="0" timestamp="1 Sep 2020 18:25:31 GMT" time="95.494" errors="0">
  <testcase name="homePageTitleTest" time="15.508" classname="etsy.TestCases.HomePageTest"/>
  <testcase name="takeFullPageScreenshot" time="21.517" classname="etsy.TestCases.HomePageTest"/>
  <testcase name="checkBathAndBeautySubMenu" time="17.368" classname="etsy.TestCases.HomePageTest"/>
  <testcase name="etsyImageLogoTest" time="12.978" classname="etsy.TestCases.HomePageTest"/>
  <testcase name="verifyLinksTest" time="14.517" classname="etsy.TestCases.HomePageTest"/>
  <testcase name="signInBtnClick" time="13.606" classname="etsy.TestCases.HomePageTest"/>
</testsuite> <!-- etsy.TestCases.HomePageTest -->
